2022-03-15 20:44:13,197 INFO File Manipulation initialized
2022-03-15 20:44:13,197 INFO FOLDERS folder created
2022-03-15 20:44:13,291 INFO folder created for each extension in folders folder
2022-03-15 21:16:58,338 INFO File Manipulation initialized
2022-03-15 21:16:58,348 INFO FOLDERS folder created
2022-03-15 21:16:58,453 INFO folder created for each extension in folders folder
2022-03-15 21:16:58,458 INFO merged file function successful
2022-03-15 21:47:00,196 INFO File Manipulation initialized
2022-03-15 21:47:00,206 INFO FOLDERS folder created
2022-03-15 21:47:00,296 INFO folder created for each extension in folders folder
2022-03-15 21:47:00,296 INFO merged file function successful
2022-03-15 21:47:00,296 INFO sort_on_names function successful
2022-03-15 21:47:00,296 INFO sort_on_size function successful
2022-03-15 21:55:05,226 INFO File Manipulation initialized
2022-03-15 21:55:05,226 INFO FOLDERS folder created
2022-03-15 21:55:05,289 INFO folder created for each extension in folders folder
2022-03-15 21:55:05,289 INFO merged file function successful
2022-03-15 21:55:05,289 INFO sort_on_names function successful
2022-03-15 21:55:05,289 INFO sort_on_size function successful
2022-03-15 22:01:25,935 INFO File Manipulation initialized
2022-03-15 22:01:25,951 INFO FOLDERS folder created
2022-03-15 22:01:26,013 INFO folder created for each extension in folders folder
2022-03-15 22:01:26,013 INFO merged file function successful
2022-03-15 22:01:26,013 INFO sort_on_names function successful
2022-03-15 22:01:26,013 INFO sort_on_size function successful
2022-03-15 22:01:34,803 INFO File Manipulation initialized
2022-03-15 22:01:34,803 INFO FOLDERS folder created
2022-03-15 22:01:34,865 INFO folder created for each extension in folders folder
2022-03-15 22:01:34,865 INFO merged file function successful
2022-03-15 22:01:34,865 INFO sort_on_names function successful
2022-03-15 22:01:34,865 INFO sort_on_size function successful
